369324526 : Flag to produce log files set in SETUP.INI (producelogfiles=1) S:10MB  V:9MB (187,9)   
369324529 : postprocessing flag at 0 and pixel shader version of 0 S:0MB   V:0MB (187,9)   
369324532 : The executable folder will be:E:\Program Files (x86)\The Game Creators\GameGuru\MyGames\ S:0MB   V:0MB (187,9)   
369324534 : Entering 'Files' folder, now at:E:\Program Files (x86)\The Game Creators\GameGuru\Files S:0MB   V:0MB (187,9)   
369324536 : Name of true app:Guru-MapEditor                     S:0MB   V:0MB (187,9)   
369324584 : set legacy convert mode                             S:0MB   V:0MB (187,9)   
369324589 : _obs_memorychunkinit                                S:0MB   V:0MB (187,9)   
369324640 : set camera aspect                                   S:20MB  V:-1MB (208,8)  
369324647 : Special VR-Mode Flag:0                              S:0MB   V:0MB (208,8)   
369324652 : Just about to read languagebank\english\textfiles\guru-wordcount.ini S:0MB   V:0MB (208,8)   
369324658 : Language File Path:E:\Program Files (x86)\The Game Creators\GameGuru\Files\languagebank\english\textfiles (exist=1) S:0MB   V:0MB (208,8)   
369324698 : _steam_init:                                        S:0MB   V:0MB (208,8)   
369324778 : _material_init (0)                                  S:2MB   V:0MB (210,8)   
369325788 : _material_loadsounds (18)                           S:0MB   V:0MB (210,8)   
369329728 : trueappname$=Guru-MapEditor                         S:10MB  V:0MB (220,8)   
369329738 : We can write to the Game Guru folder!               S:0MB   V:0MB (221,8)   
369329744 : _mapeditorexecutable:                               S:0MB   V:0MB (221,8)   
369329820 : _widget_init                                        S:0MB   V:0MB (221,8)   
369330172 : _sliders_init                                       S:1MB   V:0MB (222,8)   
369330587 : _common_loadcommonassets                            S:0MB   V:1MB (223,9)   
369330607 : initbitmapfont                                      S:0MB   V:0MB (223,9)   
369331262 : _common_vectorsinit                                 S:9MB   V:2MB (232,11)  
369331269 : _sky_init                                           S:0MB   V:4MB (232,15)  
369331330 : _terrain_initstyles                                 S:0MB   V:0MB (232,15)  
369331343 : _visuals_init (game)                                S:16MB  V:32MB (248,47) 
369331350 : visuals.sky$=clear                                  S:0MB   V:0MB (248,47)  
369331357 : visuals.terrain$=lush                               S:0MB   V:0MB (248,47)  
369331362 : visuals.vegetation$=lushy                           S:0MB   V:0MB (248,47)  
369331414 : _decal_init                                         S:0MB   V:0MB (248,47)  
369331495 : _lm_init                                            S:5MB   V:0MB (254,47)  
369331860 : _gun_scaninall_ref                                  S:1MB   V:0MB (256,47)  
369331889 : gun 1:cartoon\RayGun\gunspec.txt                    S:0MB   V:0MB (256,47)  
369331895 : gun 2:fantasy\old_crossbow\gunspec.txt              S:0MB   V:0MB (256,47)  
369331900 : gun 3:fantasy\Staff\gunspec.txt                     S:0MB   V:0MB (256,47)  
369331905 : gun 4:medieval\Bow\gunspec.txt                      S:0MB   V:0MB (256,47)  
369331911 : gun 5:medieval\Crossbow\gunspec.txt                 S:0MB   V:0MB (256,47)  
369331917 : gun 6:medieval\Dagger\gunspec.txt                   S:0MB   V:0MB (256,47)  
369331922 : gun 7:medieval\Flail\gunspec.txt                    S:0MB   V:0MB (256,47)  
369331927 : gun 8:medieval\Halberd\gunspec.txt                  S:0MB   V:0MB (256,47)  
369331932 : gun 9:medieval\Hatchet\gunspec.txt                  S:0MB   V:0MB (256,47)  
369331937 : gun 10:medieval\Mace\gunspec.txt                    S:0MB   V:0MB (256,47)  
369331943 : gun 11:medieval\Slingshot\gunspec.txt               S:0MB   V:0MB (256,47)  
369331948 : gun 12:medieval\Stones\gunspec.txt                  S:0MB   V:0MB (256,47)  
369331954 : gun 13:medieval\Sword\gunspec.txt                   S:0MB   V:0MB (256,47)  
369331959 : gun 14:modern\colt1911\gunspec.txt                  S:0MB   V:0MB (256,47)  
369331980 : gun 15:modern\Grenade\gunspec.txt                   S:0MB   V:0MB (256,47)  
369331986 : gun 16:modern\Magnum357\gunspec.txt                 S:0MB   V:0MB (256,47)  
369331992 : gun 17:modern\RPG\gunspec.txt                       S:0MB   V:0MB (256,47)  
369331997 : gun 18:modern\Shotgun\gunspec.txt                   S:0MB   V:0MB (256,47)  
369332002 : gun 19:modern\SniperM700\gunspec.txt                S:0MB   V:0MB (256,47)  
369332025 : gun 20:modern\Uzi\gunspec.txt                       S:0MB   V:0MB (256,47)  
369332034 : gun 21:scifi\assaultrifle\gunspec.txt               S:0MB   V:0MB (256,47)  
369332120 : gun 22:scifi\autoslug\gunspec.txt                   S:0MB   V:0MB (256,47)  
369332127 : gun 23:scifi\blaster\gunspec.txt                    S:0MB   V:0MB (256,47)  
369332133 : gun 24:scifi\vickers\gunspec.txt                    S:0MB   V:0MB (256,47)  
369332138 : gun 25:sci_fi\assault_rifle\gunspec.txt             S:0MB   V:0MB (256,47)  
369332145 : gun 26:sci_fi\assault_rifle\Master Original Files\gunspec.txt S:0MB   V:0MB (256,47)  
369332153 : gun 27:sci_fi\auto_slug\gunspec.txt                 S:0MB   V:0MB (256,47)  
369332159 : gun 28:sci_fi\auto_slug\Master Original Files\gunspec.txt S:0MB   V:0MB (256,47)  
369332166 : gun 29:sci_fi\blaster_red\gunspec.txt               S:0MB   V:0MB (256,47)  
369332171 : gun 30:sci_fi\blaster_red\Master Original Files\gunspec.txt S:0MB   V:0MB (256,47)  
369332178 : gun 31:sci_fi\tavor\gunspec.txt                     S:0MB   V:0MB (256,47)  
369332183 : gun 32:sci_fi\vickers\gunspec.txt                   S:0MB   V:0MB (256,47)  
369332190 : gun 33:ww2wp\bar\gunspec.txt                        S:0MB   V:0MB (256,47)  
369332196 : gun 34:ww2wp\bren\gunspec.txt                       S:0MB   V:0MB (256,47)  
369332202 : gun 35:ww2wp\colt45\gunspec.txt                     S:0MB   V:0MB (256,47)  
369332226 : gun 36:ww2wp\gewehr43\gunspec.txt                   S:0MB   V:0MB (256,47)  
369332234 : gun 37:ww2wp\grenade\gunspec.txt                    S:0MB   V:0MB (256,47)  
369332240 : gun 38:ww2wp\kar98\gunspec.txt                      S:0MB   V:0MB (256,47)  
369332247 : gun 39:ww2wp\knife\gunspec.txt                      S:0MB   V:0MB (256,47)  
369332255 : gun 40:ww2wp\luger\gunspec.txt                      S:0MB   V:0MB (256,47)  
369332263 : gun 41:ww2wp\m1carabine\gunspec.txt                 S:0MB   V:0MB (256,47)  
369332273 : gun 42:ww2wp\m1garand\gunspec.txt                   S:0MB   V:0MB (256,47)  
369332291 : gun 43:ww2wp\mosin\gunspec.txt                      S:0MB   V:0MB (256,47)  
369332297 : gun 44:ww2wp\mp40\gunspec.txt                       S:0MB   V:0MB (256,47)  
369332303 : gun 45:ww2wp\mp44\gunspec.txt                       S:0MB   V:0MB (256,47)  
369332311 : gun 46:ww2wp\panzerfaust\gunspec.txt                S:0MB   V:0MB (256,47)  
369332320 : gun 47:ww2wp\panzerschreck\gunspec.txt              S:0MB   V:0MB (256,47)  
369332326 : gun 48:ww2wp\ppsh\gunspec.txt                       S:0MB   V:0MB (256,47)  
369332333 : gun 49:ww2wp\springfield\gunspec.txt                S:0MB   V:0MB (256,47)  
369332341 : gun 50:ww2wp\sten\gunspec.txt                       S:0MB   V:0MB (256,47)  
369332350 : gun 51:ww2wp\stielhandgrenate\gunspec.txt           S:0MB   V:0MB (256,47)  
369332367 : gun 52:ww2wp\thompson\gunspec.txt                   S:0MB   V:0MB (256,47)  
369332373 : total guns=52                                       S:0MB   V:0MB (256,47)  
369333669 : _terrain_skyspec_init                               S:0MB   V:0MB (256,47)  
369333699 : _terrain_setupedit                                  S:0MB   V:0MB (256,47)  
369342936 : _editor_init                                        S:390MB V:80MB (647,127)
369343319 : loadresource                                        S:0MB   V:2MB (647,129) 
369344835 : Prepare editor fonts                                S:0MB   V:0MB (647,129) 
369345349 : Guru Map Editor Loop Starts                         S:0MB   V:0MB (648,129) 
369345371 : _steam_init:                                        S:0MB   V:0MB (648,129) 
369345736 : NEWMAP: Starting new map                            S:5MB   V:128MB (653,257)
369345746 : visuals.sky$=clear                                  S:0MB   V:0MB (653,257) 
369345754 : visuals.terrain$=lush                               S:0MB   V:0MB (653,257) 
369345778 : visuals.vegetation$=lushy                           S:0MB   V:0MB (653,257) 
369346260 : NEWMAP: _gridedit_clear_settings                    S:0MB   V:10MB (653,267)
369346289 : NEWMAP: _lm_emptylightmapfolder                     S:0MB   V:0MB (653,267) 
369346295 : NEWMAP: invalidate any old OBS                      S:0MB   V:0MB (653,267) 
369346301 : NEWMAP: _gridedit_clear_map                         S:0MB   V:0MB (653,267) 
369346310 : _gun_releaseresources                               S:0MB   V:0MB (653,267) 
369346316 : NEWMAP: _waypoint_deleteall                         S:0MB   V:0MB (653,267) 
369346323 : NEWMAP: _gridedit_updatemapbeforeedit               S:0MB   V:0MB (653,267) 
369346518 : NEWMAP: _editor_filemapdefaultinitfornew            S:0MB   V:0MB (653,267) 
369346550 : NEWMAP: _terrain_createactualterrain                S:0MB   V:0MB (653,267) 
369347435 : NEWMAP: Save newly flattened terrain                S:4MB   V:-6MB (657,261)
369348032 : NEWMAP: Save terrain data                           S:5MB   V:41MB (663,302)
369348214 : Deleting old memblock:1                             S:16MB  V:0MB (679,302) 
369348408 : NEWMAP: Save terrain mask data                      S:0MB   V:0MB (679,302) 
369348539 : NEWMAP: Finish terrain generation                   S:12MB  V:0MB (691,302) 
369348647 : NEWMAP: Finish creating new map                     S:0MB   V:0MB (691,302) 
369361457 : 1:popup_text Loading Level...                       S:-54MB V:-2MB (636,300)
369361519 : visuals.sky$=clear                                  S:0MB   V:0MB (636,300) 
369361524 : visuals.terrain$=lush                               S:0MB   V:0MB (636,300) 
369361530 : visuals.vegetation$=lushy                           S:0MB   V:0MB (636,300) 
369361535 : _mapfile_loadproject_fpm: E:\Program Files (x86)\The Game Creators\GameGuru\Files\mapbank\game.fpm E:\Program Files (x86)\The Game Creators\GameGuru\Files S:0MB   V:0MB (636,300) 
369361541 : LOADMAP: _lm_emptylightmapfolder                    S:0MB   V:0MB (636,300) 
369361589 : LOADMAP: read FPM block                             S:0MB   V:0MB (636,300) 
369362196 : LOADMAP: load in visuals                            S:0MB   V:0MB (636,300) 
369362208 : LOADMAP: apply visuals                              S:0MB   V:0MB (636,300) 
369362503 : _gun_releaseresources                               S:0MB   V:10MB (636,310)
369363136 : Loaded 1:\Weapons\Magnum 357.fpe                    S:2MB   V:0MB (639,310) 
369363427 : Loaded 2:_markers\player start.fpe                  S:1MB   V:2MB (640,312) 
369363938 : Loaded 3:\Buildings\Iron Shed.fpe                   S:9MB   V:8MB (649,320) 
369364265 : Loaded 4:\Scenery\Dumpster (Open).fpe               S:1MB   V:2MB (650,322) 
369365019 : Loaded 5:\Scenery\long_woodwall_1.fpe               S:0MB   V:0MB (651,322) 
369365186 : Loaded 6:\Scenery\Trashbag Single (Black).fpe       S:0MB   V:0MB (651,322) 
369365269 : Loaded 7:\Scenery\Trashbag Pile (Black).fpe         S:0MB   V:0MB (651,322) 
369365423 : Loaded 8:\Scenery\Garbage.fpe                       S:0MB   V:1MB (651,323) 
369365623 : Loaded 9:\Scenery\Tire (Blackwall).fpe              S:0MB   V:3MB (651,326) 
369365819 : Loaded 10:\Scenery\Propane Tank.fpe                 S:0MB   V:0MB (651,326) 
369366121 : Loaded 11:\Scenery\Wire Holder.fpe                  S:0MB   V:3MB (651,329) 
369366281 : Loaded 12:\Foliage\Dead Tree (Bare).fpe             S:0MB   V:0MB (651,329) 
369366429 : Loaded 13:\Boxes\Wooden Pallet (Broken).fpe         S:0MB   V:1MB (651,330) 
369366603 : Loaded 14:\Boxes\Cinderblocks (Stack).fpe           S:0MB   V:1MB (652,331) 
369367121 : Loaded 15:\Boxes\Oblong Plastic Crate (Black).fpe   S:0MB   V:1MB (652,332) 
369367306 : Loaded 16:\Fixtures\sign_square_restricted.fpe      S:0MB   V:1MB (652,333) 
369367471 : Loaded 17:\Foliage\Dry Bush (Small).fpe             S:0MB   V:1MB (652,334) 
369367559 : Loaded 18:\Foliage\Dead Tree (Twiggy).fpe           S:0MB   V:0MB (653,334) 
369367776 : Loaded 19:\Foliage\Tumbleweed (Small).fpe           S:0MB   V:1MB (653,335) 
369367994 : Loaded 20:\Barrels\Empty Dented Barrel (Rusted).fpe S:0MB   V:0MB (653,335) 
369368098 : Loaded 21:\Barrels\Empty Barrel (Rusted).fpe        S:0MB   V:0MB (653,335) 
369368176 : Loaded 22:\Barrels\Dented Barrel (Rusted).fpe       S:0MB   V:0MB (653,335) 
369368342 : Loaded 23:\Barrels\Barrel (Rusted).fpe              S:0MB   V:1MB (653,336) 
369368506 : Loaded 24:\Boxes\Wooden Crate (Dark).fpe            S:0MB   V:0MB (653,336) 
369368645 : Loaded 25:\Scenery\Tire Rimless.fpe                 S:0MB   V:1MB (653,337) 
369368763 : Loaded 26:\Characters\Zombies\zombie gibs_torsodown.fpe S:0MB   V:0MB (653,337) 
369369995 : Loaded 27:\Scenery\oiltank.fpe                      S:1MB   V:11MB (654,348)
369370181 : Loaded 28:gas_bottle A.fpe                          S:0MB   V:2MB (655,350) 
369370344 : Loaded 29:\Weapons\colt 1911.fpe                    S:1MB   V:0MB (656,350) 
369370594 : Loaded 30:\Weapons\.38 Cartridges (Pistol).fpe      S:0MB   V:0MB (657,350) 
369370727 : Loaded 31:\Weapons\Shotgun.fpe                      S:0MB   V:1MB (657,351) 
369370903 : Loaded 32:\Weapons\12 Gauge Slug (Shotgun).fpe      S:0MB   V:0MB (657,351) 
369371081 : Loaded 33:\Barrels\Barrel (Explosive).fpe           S:0MB   V:0MB (657,351) 
369371335 : Loaded 34:\Tree\arbre10c.fpe                        S:1MB   V:3MB (659,354) 
369371419 : Loaded 35:\Tree\arbre1c.fpe                         S:0MB   V:0MB (659,354) 
369371501 : Loaded 36:\Tree\arbre2c.fpe                         S:0MB   V:0MB (660,354) 
369371599 : Loaded 37:\Tree\arbre3c.fpe                         S:1MB   V:0MB (661,354) 
369371725 : Loaded 38:\Tree\arbre4c.fpe                         S:0MB   V:0MB (661,354) 
369371831 : Loaded 39:\Tree\arbre5c.fpe                         S:0MB   V:0MB (661,354) 
369371947 : Loaded 40:\Tree\arbre6c.fpe                         S:1MB   V:0MB (663,354) 
369372029 : Loaded 41:\Tree\arbre7c.fpe                         S:1MB   V:0MB (664,354) 
369372108 : Loaded 42:\Tree\arbre8c.fpe                         S:0MB   V:0MB (664,354) 
369372198 : Loaded 43:\Tree\arbre9c.fpe                         S:0MB   V:0MB (664,354) 
369372276 : Loaded 44:\Boxes\Broken Cinderblocks (Large).fpe    S:0MB   V:0MB (665,354) 
369372339 : Loaded 45:\Boxes\Broken Cinderblocks (Small).fpe    S:0MB   V:0MB (665,354) 
369372441 : Loaded 46:\Boxes\Cinderblocks (Single).fpe          S:0MB   V:0MB (665,354) 
369372604 : Loaded 47:\Nighttime City Docks\Enviroment\AC.fpe   S:0MB   V:1MB (665,355) 
369373435 : Loaded 48:\Nighttime City Docks\Enviroment\IceBox.fpe S:0MB   V:5MB (665,360) 
369373992 : Loaded 49:\FPSC WWII\Props\cratea.fpe               S:0MB   V:0MB (665,360) 
369374119 : Loaded 50:\FPSC WWII\Props\cylindere.fpe            S:0MB   V:1MB (665,361) 
369374235 : Loaded 51:\FPSC WWII\Props\cylinderf.fpe            S:0MB   V:0MB (665,361) 
369374756 : Loaded 52:\FPSC WWII\Props\cratef.fpe               S:0MB   V:0MB (665,361) 
369374869 : Loaded 53:\FPSC WWII\Props\cratei.fpe               S:0MB   V:0MB (665,361) 
369374986 : Loaded 54:\FPSC WWII\Props\crateb.fpe               S:0MB   V:0MB (665,361) 
369375085 : Loaded 55:\FPSC WWII\Props\cratee.fpe               S:0MB   V:0MB (665,361) 
369375257 : Loaded 56:\FPSC WWII\Props\crateg.fpe               S:0MB   V:0MB (665,361) 
369375448 : Loaded 57:\FPSC WWII\Props\crateh.fpe               S:0MB   V:0MB (665,361) 
369375720 : Loaded 58:\Scenery\Trolley.fpe                      S:0MB   V:1MB (666,362) 
369375884 : Loaded 59:\Scenery\Shovel.fpe                       S:0MB   V:2MB (666,364) 
369376070 : Loaded 60:\Weapons\.45 Rounds (Magnum).fpe          S:0MB   V:0MB (666,364) 
369376206 : Loaded 61:\Weapons\Stones_thrown.fpe                S:0MB   V:0MB (666,364) 
369376279 : Loaded 62:\Weapons\Slingshot_stones.fpe             S:0MB   V:0MB (666,364) 
369376360 : Loaded 63:\Weapons\Slingshot.fpe                    S:0MB   V:0MB (666,364) 
369376993 : Loaded 64:\Stefos Bus Stand Ads\bus stand ads.fpe   S:0MB   V:5MB (666,369) 
369377238 : Loaded 65:\pickup\pickupglass.fpe                   S:0MB   V:3MB (666,372) 
369377527 : Loaded 66:\Modern Day\Vehicles\humvee.fpe           S:2MB   V:11MB (668,383)
369377761 : Loaded 67:\M3\Misc\powbox03.fpe                     S:0MB   V:0MB (668,383) 
369377900 : Loaded 68:\Post-Apocalyptic Model Pack\Various\Mattress Rolled Up Halfway.fpe S:0MB   V:1MB (668,384) 
369378171 : Loaded 69:\Post-Apocalyptic Model Pack\Overlays\Bullet Casings.fpe S:0MB   V:6MB (668,390) 
369378314 : Loaded 70:\Post-Apocalyptic Model Pack\Overlays\Shotgun Shells.fpe S:0MB   V:5MB (668,395) 
369378453 : Loaded 71:\Post-Apocalyptic Model Pack\Overlays\Trash 1.fpe S:0MB   V:1MB (668,396) 
369378650 : Loaded 72:\Post-Apocalyptic Model Pack\Overlays\Trash 2.fpe S:0MB   V:2MB (668,398) 
369378887 : Loaded 73:\Post-Apocalyptic Model Pack\Overlays\Trash 3.fpe S:2MB   V:1MB (670,399) 
369379001 : Loaded 74:\Post-Apocalyptic Model Pack\Overlays\Trash 4.fpe S:1MB   V:2MB (671,401) 
369379193 : Loaded 75:\Post-Apocalyptic Model Pack\Overlays\Trash 5.fpe S:6MB   V:-63MB (677,338)
369379364 : Loaded 76:\Post-Apocalyptic Model Pack\Overlays\Magnum Bullet Casings.fpe S:6MB   V:6MB (683,344) 
369379522 : Loaded 77:\Post-Apocalyptic Model Pack\Overlays\Garbage.fpe S:6MB   V:5MB (689,349) 
369379641 : Loaded 78:\war_torn\props\old_can.fpe               S:1MB   V:0MB (690,349) 
369379750 : Loaded 79:\war_torn\props\bottle.fpe                S:0MB   V:0MB (691,349) 
369380002 : Loaded 80:\Green Nature\tree14.fpe                  S:2MB   V:2MB (693,351) 
369380259 : Loaded 81:\Desert Storm Pack\Bricks.fpe             S:2MB   V:1MB (695,352) 
369380867 : Loaded 82:\Desert Storm Pack\Hummer 02 (As Dynamic).fpe S:4MB   V:4MB (699,356) 
369381356 : Loaded 83:\Desert Storm Pack\Bus 01 PART 1 (Exterior).fpe S:1MB   V:5MB (701,361) 
369381492 : Loaded 84:\Desert Storm Pack\Hummer 01 PART 2 (Interior).fpe S:0MB   V:1MB (701,362) 
369381647 : Loaded 85:\Desert Storm Pack\Hummer 01 PART 1 (Exterior).fpe S:0MB   V:2MB (702,364) 
369381778 : Loaded 86:\Desert Storm Pack\Billboard 11.fpe       S:0MB   V:0MB (702,364) 
369381992 : Loaded 87:\Desert Storm Pack\Billboard 05.fpe       S:0MB   V:1MB (702,365) 
369382148 : Loaded 88:\sciencepack\objects\pc.fpe               S:0MB   V:2MB (702,367) 
369382239 : Loaded 89:\sciencepack\objects\screen.fpe           S:0MB   V:1MB (702,368) 
369382324 : Loaded 90:\sciencepack\objects\keyboard.fpe         S:0MB   V:1MB (702,369) 
369382446 : Loaded 91:\sciencepack\objects\mouse.fpe            S:0MB   V:0MB (702,369) 
369382584 : Loaded 92:\sciencepack\objects\hydraulic_chair.fpe  S:0MB   V:5MB (702,374) 
369382671 : Loaded 93:\sciencepack\objects\book_pile.fpe        S:0MB   V:1MB (703,375) 
369382745 : Loaded 94:\sciencepack\objects\mousemat.fpe         S:0MB   V:0MB (703,375) 
369382804 : Loaded 95:\sciencepack\objects\paper_scrap.fpe      S:0MB   V:0MB (703,375) 
369382913 : Loaded 96:\Industrial\props\streetlight.fpe         S:0MB   V:2MB (703,377) 
369382987 : Loaded 97:\Nighttime City Docks\Enviroment\PaperVendor.fpe S:0MB   V:0MB (703,377) 
369383748 : Loaded 98:\Nighttime City Docks\Enviroment\Billboard_001.fpe S:0MB   V:5MB (702,382) 
369383855 : Loaded 99:\M3\Misc\powbox01.fpe                     S:0MB   V:1MB (702,383) 
369383970 : Loaded 100:\M3\Misc\powbox07.fpe                    S:0MB   V:0MB (702,383) 
369384146 : Load player config                                  S:0MB   V:0MB (703,383) 
369408995 : 1:popup_text Saving Level...                        S:-32MB V:1MB (671,384) 
369409037 : SAVETESTMAP: Save map                               S:0MB   V:0MB (671,384) 
369409050 : SAVETESTMAP: Save player config                     S:0MB   V:0MB (671,384) 
369409061 : SAVETESTMAP: Save elements                          S:0MB   V:0MB (671,384) 
369409222 : SAVETESTMAP: Save waypoints                         S:0MB   V:0MB (671,384) 
369409232 : SAVETESTMAP: Save config                            S:0MB   V:0MB (671,384) 
369409244 : SAVETESTMAP: Save terrain textures                  S:0MB   V:0MB (671,384) 
369409288 : SAVETESTMAP: Save terrain veg                       S:0MB   V:0MB (671,384) 
369409337 : SAVETESTMAP: Save terrain height data               S:0MB   V:0MB (671,384) 
369409479 : SAVETESTMAP: Change modified flag of level          S:0MB   V:0MB (671,384) 
369409485 : SAVETESTMAP: Complete                               S:0MB   V:0MB (671,384) 
369409492 : Saving FPM level file: E:\Program Files (x86)\The Game Creators\GameGuru\Files\mapbank\zombie_survival_level1.fpm S:0MB   V:0MB (671,384) 
369410544 : Saving required files list for mapbank\zombie_survival_level1.fpm S:0MB   V:0MB (671,384) 
369410790 : Exporting \Nighttime City Docks\Enviroment\AC.fpe texd:entitybank\\Nighttime City Docks\Enviroment\AC_D2.dds S:0MB   V:0MB (671,384) 
369410896 : Exporting \Nighttime City Docks\Enviroment\IceBox.fpe texd:entitybank\\Nighttime City Docks\Enviroment\NCDocks_002_D2.dds S:0MB   V:0MB (671,384) 
369410942 : Exporting \FPSC WWII\Props\cratea.fpe texd:entitybank\\FPSC WWII\Props\crate_a_d2.dds S:0MB   V:0MB (671,384) 
369410985 : Exporting \FPSC WWII\Props\cylindere.fpe texd:entitybank\\FPSC WWII\Props\cylinder_e_d2.dds S:0MB   V:0MB (671,384) 
369411024 : Exporting \FPSC WWII\Props\cylinderf.fpe texd:entitybank\\FPSC WWII\Props\cylinder_f_d2.dds S:0MB   V:0MB (671,384) 
369411107 : Exporting \FPSC WWII\Props\cratef.fpe texd:entitybank\\FPSC WWII\Props\crate_f_d2.dds S:0MB   V:0MB (671,384) 
369411117 : Exporting \FPSC WWII\Props\cratef.fpe texd:entitybank\\FPSC WWII\Props\crate_f_d2.dds S:0MB   V:0MB (671,384) 
369411247 : Exporting \FPSC WWII\Props\cratei.fpe texd:entitybank\\FPSC WWII\Props\crate_i_d2.dds S:0MB   V:0MB (671,384) 
369411282 : Exporting \FPSC WWII\Props\crateb.fpe texd:entitybank\\FPSC WWII\Props\crate_b_d2.dds S:0MB   V:0MB (671,384) 
369411312 : Exporting \FPSC WWII\Props\cratee.fpe texd:entitybank\\FPSC WWII\Props\crate_e_d2.dds S:0MB   V:0MB (671,384) 
369411354 : Exporting \FPSC WWII\Props\crateg.fpe texd:entitybank\\FPSC WWII\Props\crate_g_d2.dds S:0MB   V:0MB (671,384) 
369411390 : Exporting \FPSC WWII\Props\crateh.fpe texd:entitybank\\FPSC WWII\Props\crate_h_d2.dds S:0MB   V:0MB (671,384) 
369411519 : Exporting \Scenery\oiltank.fpe texd:entitybank\\Scenery\oiltank2_D.dds S:0MB   V:0MB (671,384) 
369411581 : Exporting gas_bottle A.fpe texd:entitybank\gas_bottle A_D.dds S:0MB   V:0MB (671,384) 
369411594 : Exporting gas_bottle A.fpe texd:entitybank\gas_bottle A_D.dds S:0MB   V:0MB (671,384) 
369411603 : Exporting gas_bottle A.fpe texd:entitybank\gas_bottle A_D.dds S:0MB   V:0MB (671,384) 
369411754 : Exporting \Tree\arbre9c.fpe texd:entitybank\\Tree\  S:0MB   V:0MB (671,384) 
369411782 : Exporting \Tree\arbre10c.fpe texd:entitybank\\Tree\ S:0MB   V:0MB (671,384) 
369411794 : Exporting \Tree\arbre9c.fpe texd:entitybank\\Tree\  S:0MB   V:0MB (671,384) 
369411824 : Exporting \Tree\arbre2c.fpe texd:entitybank\\Tree\  S:0MB   V:0MB (671,384) 
369411849 : Exporting \Tree\arbre4c.fpe texd:entitybank\\Tree\  S:0MB   V:0MB (671,384) 
369411862 : Exporting \Tree\arbre4c.fpe texd:entitybank\\Tree\  S:0MB   V:0MB (671,384) 
369411891 : Exporting \Tree\arbre5c.fpe texd:entitybank\\Tree\  S:0MB   V:0MB (671,384) 
369411904 : Exporting \Tree\arbre2c.fpe texd:entitybank\\Tree\  S:0MB   V:0MB (671,384) 
369411937 : Exporting \Tree\arbre6c.fpe texd:entitybank\\Tree\  S:0MB   V:0MB (671,384) 
369411964 : Exporting \Tree\arbre3c.fpe texd:entitybank\\Tree\  S:0MB   V:0MB (671,384) 
369411976 : Exporting \Tree\arbre6c.fpe texd:entitybank\\Tree\  S:0MB   V:0MB (671,384) 
369412001 : Exporting \Tree\arbre7c.fpe texd:entitybank\\Tree\  S:0MB   V:0MB (671,384) 
369412029 : Exporting \Tree\arbre8c.fpe texd:entitybank\\Tree\  S:0MB   V:0MB (671,384) 
369412048 : Exporting \Tree\arbre8c.fpe texd:entitybank\\Tree\  S:0MB   V:0MB (671,384) 
369412060 : Exporting \Tree\arbre9c.fpe texd:entitybank\\Tree\  S:0MB   V:0MB (671,384) 
369412077 : Exporting \FPSC WWII\Props\cratei.fpe texd:entitybank\\FPSC WWII\Props\crate_i_d2.dds S:0MB   V:0MB (671,384) 
369412143 : Exporting \Tree\arbre1c.fpe texd:entitybank\\Tree\  S:0MB   V:0MB (671,384) 
369412179 : Exporting \Tree\arbre10c.fpe texd:entitybank\\Tree\ S:0MB   V:0MB (671,384) 
369412232 : Exporting \Stefos Bus Stand Ads\bus stand ads.fpe texd:entitybank\\Stefos Bus Stand Ads\blankTex.png S:0MB   V:0MB (671,384) 
369412321 : Exporting \pickup\pickupglass.fpe texd:entitybank\\pickup\pickupglass.png S:0MB   V:0MB (671,384) 
369412357 : Exporting \Modern Day\Vehicles\humvee.fpe texd:entitybank\\Modern Day\Vehicles\humvee_d2.dds S:0MB   V:0MB (671,384) 
369412412 : Exporting \M3\Misc\powbox03.fpe texd:entitybank\\M3\Misc\powerbox01_d2.tga S:0MB   V:0MB (671,384) 
369412499 : Exporting \Post-Apocalyptic Model Pack\Various\Mattress Rolled Up Halfway.fpe texd:entitybank\\Post-Apocalyptic Model Pack\Various\mattress_D2.dds S:0MB   V:0MB (671,384) 
369412569 : Exporting \Post-Apocalyptic Model Pack\Overlays\Bullet Casings.fpe texd:entitybank\\Post-Apocalyptic Model Pack\Overlays\bullet_casings.png S:0MB   V:0MB (671,384) 
369412603 : Exporting \Post-Apocalyptic Model Pack\Overlays\Shotgun Shells.fpe texd:entitybank\\Post-Apocalyptic Model Pack\Overlays\shotgun_shells.png S:0MB   V:0MB (671,384) 
369412631 : Exporting \Post-Apocalyptic Model Pack\Overlays\Trash 1.fpe texd:entitybank\\Post-Apocalyptic Model Pack\Overlays\Trash 1.png S:0MB   V:0MB (671,384) 
369412689 : Exporting \Post-Apocalyptic Model Pack\Overlays\Trash 2.fpe texd:entitybank\\Post-Apocalyptic Model Pack\Overlays\Trash 2.png S:0MB   V:0MB (671,384) 
369412714 : Exporting \Post-Apocalyptic Model Pack\Overlays\Trash 3.fpe texd:entitybank\\Post-Apocalyptic Model Pack\Overlays\Trash 3.png S:0MB   V:0MB (671,384) 
369412759 : Exporting \Post-Apocalyptic Model Pack\Overlays\Trash 4.fpe texd:entitybank\\Post-Apocalyptic Model Pack\Overlays\Trash 4.png S:0MB   V:0MB (671,384) 
369412789 : Exporting \Post-Apocalyptic Model Pack\Overlays\Trash 5.fpe texd:entitybank\\Post-Apocalyptic Model Pack\Overlays\Trash 5.png S:0MB   V:0MB (671,384) 
369412815 : Exporting \Post-Apocalyptic Model Pack\Overlays\Magnum Bullet Casings.fpe texd:entitybank\\Post-Apocalyptic Model Pack\Overlays\magnum_casings.png S:0MB   V:0MB (671,384) 
369412850 : Exporting \Post-Apocalyptic Model Pack\Overlays\Garbage.fpe texd:entitybank\\Post-Apocalyptic Model Pack\Overlays\garbage.png S:0MB   V:0MB (671,384) 
369412893 : Exporting \war_torn\props\bottle.fpe texd:entitybank\\war_torn\props\bottle.dds S:0MB   V:0MB (671,384) 
369412956 : Exporting \Green Nature\tree14.fpe texd:entitybank\\Green Nature\tree14.dds S:0MB   V:0MB (671,384) 
369412994 : Exporting \war_torn\props\old_can.fpe texd:entitybank\\war_torn\props\old_can.dds S:0MB   V:0MB (671,384) 
369413004 : Exporting \war_torn\props\old_can.fpe texd:entitybank\\war_torn\props\old_can.dds S:0MB   V:0MB (671,384) 
369413013 : Exporting \war_torn\props\old_can.fpe texd:entitybank\\war_torn\props\old_can.dds S:0MB   V:0MB (671,384) 
369413074 : Exporting \war_torn\props\old_can.fpe texd:entitybank\\war_torn\props\old_can.dds S:0MB   V:0MB (671,384) 
369413084 : Exporting \Green Nature\tree14.fpe texd:entitybank\\Green Nature\tree14.dds S:0MB   V:0MB (671,384) 
369413098 : Exporting \Green Nature\tree14.fpe texd:entitybank\\Green Nature\tree14.dds S:0MB   V:0MB (671,384) 
369413113 : Exporting \Green Nature\tree14.fpe texd:entitybank\\Green Nature\tree14.dds S:0MB   V:0MB (671,384) 
369413131 : Exporting \Green Nature\tree14.fpe texd:entitybank\\Green Nature\tree14.dds S:0MB   V:0MB (671,384) 
369413154 : Exporting \Green Nature\tree14.fpe texd:entitybank\\Green Nature\tree14.dds S:0MB   V:0MB (671,384) 
369413206 : Exporting \Green Nature\tree14.fpe texd:entitybank\\Green Nature\tree14.dds S:0MB   V:0MB (671,384) 
369413224 : Exporting \Green Nature\tree14.fpe texd:entitybank\\Green Nature\tree14.dds S:0MB   V:0MB (671,384) 
369413291 : Exporting \Desert Storm Pack\Hummer 02 (As Dynamic).fpe texd:entitybank\\Desert Storm Pack\ S:0MB   V:0MB (671,384) 
369413324 : Exporting \Desert Storm Pack\Bus 01 PART 1 (Exterior).fpe texd:entitybank\\Desert Storm Pack\bus_D2.dds S:0MB   V:0MB (671,384) 
369413354 : Exporting \Desert Storm Pack\Hummer 01 PART 2 (Interior).fpe texd:entitybank\\Desert Storm Pack\hummer_interior_D2.dds S:0MB   V:0MB (671,384) 
369413404 : Exporting \Desert Storm Pack\Hummer 01 PART 1 (Exterior).fpe texd:entitybank\\Desert Storm Pack\hummer_D2.dds S:0MB   V:0MB (671,384) 
369413439 : Exporting \Desert Storm Pack\Billboard 11.fpe texd:entitybank\\Desert Storm Pack\billboard11_D2.dds S:0MB   V:0MB (671,384) 
369413481 : Exporting \Desert Storm Pack\Bricks.fpe texd:entitybank\\Desert Storm Pack\bricks_D2.dds S:0MB   V:0MB (671,384) 
369413543 : Exporting \Desert Storm Pack\Billboard 05.fpe texd:entitybank\\Desert Storm Pack\billboard05_D2.dds S:0MB   V:0MB (671,384) 
369413584 : Exporting \sciencepack\objects\pc.fpe texd:entitybank\\sciencepack\objects\pc.dds S:0MB   V:0MB (671,384) 
369413614 : Exporting \sciencepack\objects\screen.fpe texd:entitybank\\sciencepack\objects\screen.dds S:0MB   V:0MB (671,384) 
369413686 : Exporting \sciencepack\objects\mouse.fpe texd:entitybank\\sciencepack\objects\mouse.dds S:0MB   V:0MB (671,384) 
369413731 : Exporting \sciencepack\objects\keyboard.fpe texd:entitybank\\sciencepack\objects\keyboard.dds S:0MB   V:0MB (671,384) 
369413755 : Exporting \sciencepack\objects\hydraulic_chair.fpe texd:entitybank\\sciencepack\objects\hyrdraulic_chair.dds S:0MB   V:0MB (671,384) 
369413804 : Exporting \sciencepack\objects\book_pile.fpe texd:entitybank\\sciencepack\objects\exercise_book.dds S:0MB   V:0MB (671,384) 
369413844 : Exporting \sciencepack\objects\mousemat.fpe texd:entitybank\\sciencepack\objects\mousemat.dds S:0MB   V:0MB (671,384) 
369413857 : Exporting \sciencepack\objects\paper_scrap.fpe texd:entitybank\\sciencepack\objects\paper.dds S:0MB   V:0MB (671,384) 
369413867 : Exporting \sciencepack\objects\paper_scrap.fpe texd:entitybank\\sciencepack\objects\paper.dds S:0MB   V:0MB (671,384) 
369413897 : Exporting \Industrial\props\streetlight.fpe texd:entitybank\\Industrial\props\streetlight.dds S:0MB   V:0MB (671,384) 
369413926 : Exporting \Nighttime City Docks\Enviroment\PaperVendor.fpe texd:entitybank\\Nighttime City Docks\Enviroment\NCDocks_002_D2.dds S:0MB   V:0MB (671,384) 
369413935 : Exporting \Nighttime City Docks\Enviroment\PaperVendor.fpe texd:entitybank\\Nighttime City Docks\Enviroment\NCDocks_002_D2.dds S:0MB   V:0MB (671,384) 
369413963 : Exporting \Nighttime City Docks\Enviroment\Billboard_001.fpe texd:entitybank\\Nighttime City Docks\Enviroment\Decor_001_D2.dds S:0MB   V:0MB (671,384) 
369414021 : Exporting \M3\Misc\powbox01.fpe texd:entitybank\\M3\Misc\powerbox03_d2.tga S:0MB   V:0MB (671,384) 
369414065 : Exporting \M3\Misc\powbox07.fpe texd:entitybank\\M3\Misc\powerbox02_d2.tga S:0MB   V:0MB (671,384) 
369416967 : Saving FPM level file complete                      S:0MB   V:0MB (671,384) 
369417039 : _steam_init:                                        S:0MB   V:1MB (671,385) 
369477081 : _steam_init:                                        S:-1MB  V:-23MB (669,362)
369484355 : Terminated because 908=1                            S:2MB   V:0MB (672,362) 
