367963709 : Loaded 1:\Weapons\Magnum 357.fpe                    S:342MB V:63MB (508,63) 
367963732 : Loaded 2:_markers\player start.fpe                  S:0MB   V:1MB (508,64)  
367963985 : Loaded 3:\Buildings\Iron Shed.fpe                   S:1MB   V:1MB (509,65)  
367964140 : Loaded 4:\Scenery\Dumpster (Open).fpe               S:0MB   V:8MB (509,73)  
367964693 : Loaded 5:\Scenery\long_woodwall_1.fpe               S:0MB   V:3MB (509,76)  
367964752 : Loaded 6:\Scenery\Trashbag Single (Black).fpe       S:0MB   V:0MB (509,76)  
367964777 : Loaded 7:\Scenery\Trashbag Pile (Black).fpe         S:0MB   V:0MB (509,76)  
367964835 : Loaded 8:\Scenery\Garbage.fpe                       S:-2MB  V:0MB (507,76)  
367964868 : Loaded 9:\Scenery\Tire (Blackwall).fpe              S:-1MB  V:1MB (505,77)  
367964931 : Loaded 10:\Scenery\Propane Tank.fpe                 S:0MB   V:3MB (504,80)  
367965027 : Loaded 11:\Scenery\Wire Holder.fpe                  S:0MB   V:0MB (504,80)  
367965105 : Loaded 12:\Foliage\Dead Tree (Bare).fpe             S:0MB   V:2MB (504,82)  
367965133 : Loaded 13:\Boxes\Wooden Pallet (Broken).fpe         S:0MB   V:1MB (504,83)  
367965166 : Loaded 14:\Boxes\Cinderblocks (Stack).fpe           S:0MB   V:0MB (504,83)  
367965193 : Loaded 15:\Boxes\Oblong Plastic Crate (Black).fpe   S:0MB   V:2MB (504,85)  
367965229 : Loaded 16:\Fixtures\sign_square_restricted.fpe      S:0MB   V:0MB (504,85)  
367965259 : Loaded 17:\Scenery\Shovel.fpe                       S:0MB   V:2MB (504,87)  
367965321 : Loaded 18:\Foliage\Dry Bush (Small).fpe             S:0MB   V:2MB (504,89)  
367965345 : Loaded 19:\Foliage\Dead Tree (Twiggy).fpe           S:0MB   V:1MB (504,90)  
367965410 : Loaded 20:\Foliage\Tumbleweed (Small).fpe           S:0MB   V:0MB (505,90)  
367965488 : Loaded 21:\Barrels\Empty Dented Barrel (Rusted).fpe S:0MB   V:0MB (505,90)  
367965514 : Loaded 22:\Barrels\Empty Barrel (Rusted).fpe        S:0MB   V:1MB (505,91)  
367965724 : Loaded 23:\Barrels\Dented Barrel (Rusted).fpe       S:0MB   V:0MB (505,91)  
367965802 : Loaded 24:\Barrels\Barrel (Rusted).fpe              S:0MB   V:0MB (505,91)  
367965829 : Loaded 25:\Boxes\Wooden Crate (Dark).fpe            S:0MB   V:0MB (505,91)  
367965855 : Loaded 26:\Scenery\Tire Rimless.fpe                 S:0MB   V:1MB (505,92)  
367965884 : Loaded 27:\Characters\Zombies\zombie gibs_torsodown.fpe S:0MB   V:1MB (505,93)  
367966829 : Loaded 28:\Scenery\oiltank.fpe                      S:7MB   V:0MB (513,93)  
367966918 : Loaded 29:gas_bottle A.fpe                          S:1MB   V:11MB (514,104)
367966963 : Loaded 30:\Weapons\colt 1911.fpe                    S:0MB   V:2MB (515,106) 
367966991 : Loaded 31:\Weapons\.38 Cartridges (Pistol).fpe      S:0MB   V:0MB (515,106) 
367967039 : Loaded 32:\Weapons\Shotgun.fpe                      S:1MB   V:0MB (516,106) 
367967066 : Loaded 33:\Weapons\12 Gauge Slug (Shotgun).fpe      S:-3MB  V:1MB (512,107) 
367967084 : Skipped 34:\Characters\Zombies\Flesh Zombie.fpe     S:-2MB  V:0MB (510,107) 
367967159 : Loaded 35:\Barrels\Barrel (Explosive).fpe           S:-2MB  V:0MB (508,107) 
367967193 : Loaded 36:\Tree\arbre10c.fpe                        S:0MB   V:0MB (508,107) 
367967224 : Loaded 37:\Tree\arbre1c.fpe                         S:0MB   V:3MB (508,110) 
367967252 : Loaded 38:\Tree\arbre2c.fpe                         S:0MB   V:0MB (508,110) 
367967286 : Loaded 39:\Tree\arbre3c.fpe                         S:1MB   V:0MB (509,110) 
367967314 : Loaded 40:\Tree\arbre4c.fpe                         S:-1MB  V:0MB (507,110) 
367967353 : Loaded 41:\Tree\arbre5c.fpe                         S:1MB   V:0MB (509,110) 
367967384 : Loaded 42:\Tree\arbre6c.fpe                         S:0MB   V:0MB (508,110) 
367967415 : Loaded 43:\Tree\arbre7c.fpe                         S:9MB   V:0MB (518,110) 
367967447 : Loaded 44:\Tree\arbre8c.fpe                         S:-2MB  V:0MB (516,110) 
367967475 : Loaded 45:\Tree\arbre9c.fpe                         S:0MB   V:0MB (516,110) 
367967585 : Loaded 46:\Decals\Dust puff.fpe                     S:6MB   V:0MB (523,110) 
367968965 : LIGHTMAPPER: Create Glass Terrain Objects           S:39MB  V:50MB (563,160)
367969168 : LIGHTMAPPER: Overlord Grid Work. 0 Objects and 1 Terrain at 20 x 23 S:-45MB V:-2MB (517,158)
367969177 : LIGHTMAPPER: Consolidate static objects             S:0MB   V:0MB (517,158) 
367969185 : LIGHTMAPPER: Completed Consolidation with 0 new objects S:0MB   V:0MB (517,158) 
367969193 : LIGHTMAPPER: Group 1 at entity index 0              S:0MB   V:0MB (517,158) 
367969212 : LIGHTMAPPER: Prepare Terrain For Pre-Baking (1 segments) S:0MB   V:0MB (517,158) 
367969224 : LIGHTMAPPER: Scan for relevant collision objects    S:0MB   V:0MB (517,158) 
367969233 : LIGHTMAPPER: Create 8 Collision Objects             S:0MB   V:0MB (517,158) 
367969283 : LIGHTMAPPER: Calculate Lightmaps                    S:5MB   V:0MB (523,158) 
367972279 : LIGHTMAPPER: Finalise And Save Lightmap Textures    S:19MB  V:1MB (542,159) 
367972703 : LIGHTMAPPER: Lightmap bake completed                S:-14MB V:2MB (528,161) 
367972711 : LIGHTMAPPER: Reset Lightmapper                      S:0MB   V:0MB (528,161) 
367972723 : LIGHTMAPPER: Group 2 at entity index 1              S:-6MB  V:0MB (521,161) 
367972731 : LIGHTMAPPER: Prepare Objects For Pre-Baking (1 to 142) S:0MB   V:0MB (521,161) 
367972739 : LIGHTMAPPER: Working on all 0 objects               S:0MB   V:0MB (521,161) 
367972746 : LIGHTMAPPER: Scan for relevant collision objects    S:0MB   V:0MB (521,161) 
367972754 : LIGHTMAPPER:                                        S:0MB   V:0MB (521,161) 
367972762 : LIGHTMAPPER: Overlord Grid Work. 0 Objects and 1 Terrain at 23 x 23 S:0MB   V:0MB (521,161) 
367972769 : LIGHTMAPPER: Consolidate static objects             S:0MB   V:0MB (521,161) 
367972777 : LIGHTMAPPER: Completed Consolidation with 0 new objects S:0MB   V:0MB (521,161) 
367972785 : LIGHTMAPPER: Group 1 at entity index 0              S:0MB   V:0MB (521,161) 
367972793 : LIGHTMAPPER: Prepare Terrain For Pre-Baking (1 segments) S:0MB   V:0MB (521,161) 
367972801 : LIGHTMAPPER: Scan for relevant collision objects    S:0MB   V:0MB (521,161) 
367972809 : LIGHTMAPPER: Create 36 Collision Objects            S:0MB   V:0MB (521,161) 
367973429 : LIGHTMAPPER: Calculate Lightmaps                    S:12MB  V:0MB (533,161) 
367976572 : LIGHTMAPPER: Finalise And Save Lightmap Textures    S:17MB  V:0MB (551,161) 
367976992 : LIGHTMAPPER: Lightmap bake completed                S:-14MB V:2MB (537,163) 
367977000 : LIGHTMAPPER: Reset Lightmapper                      S:0MB   V:0MB (537,163) 
367977020 : LIGHTMAPPER: Group 2 at entity index 1              S:-13MB V:0MB (523,163) 
367977029 : LIGHTMAPPER: Prepare Objects For Pre-Baking (1 to 142) S:0MB   V:0MB (523,163) 
367977036 : LIGHTMAPPER: Working on all 0 objects               S:0MB   V:0MB (523,163) 
367977044 : LIGHTMAPPER: Scan for relevant collision objects    S:0MB   V:0MB (523,163) 
367977052 : LIGHTMAPPER:                                        S:0MB   V:0MB (523,163) 
367977060 : LIGHTMAPPER: Overlord Grid Work. 0 Objects and 1 Terrain at 26 x 23 S:0MB   V:0MB (523,163) 
367977068 : LIGHTMAPPER: Consolidate static objects             S:0MB   V:0MB (523,163) 
367977076 : LIGHTMAPPER: Completed Consolidation with 0 new objects S:0MB   V:0MB (523,163) 
367977083 : LIGHTMAPPER: Group 1 at entity index 0              S:0MB   V:0MB (523,163) 
367977091 : LIGHTMAPPER: Prepare Terrain For Pre-Baking (1 segments) S:0MB   V:0MB (523,163) 
367977099 : LIGHTMAPPER: Scan for relevant collision objects    S:0MB   V:0MB (523,163) 
367977108 : LIGHTMAPPER: Create 35 Collision Objects            S:0MB   V:0MB (523,163) 
367977278 : LIGHTMAPPER: Calculate Lightmaps                    S:11MB  V:0MB (535,163) 
367980371 : LIGHTMAPPER: Finalise And Save Lightmap Textures    S:16MB  V:0MB (551,163) 
367980789 : LIGHTMAPPER: Lightmap bake completed                S:-13MB V:2MB (537,165) 
367980797 : LIGHTMAPPER: Reset Lightmapper                      S:0MB   V:0MB (537,165) 
367980816 : LIGHTMAPPER: Group 2 at entity index 1              S:-14MB V:0MB (523,165) 
367980825 : LIGHTMAPPER: Prepare Objects For Pre-Baking (1 to 142) S:0MB   V:0MB (523,165) 
367980833 : LIGHTMAPPER: Working on all 0 objects               S:0MB   V:0MB (523,165) 
367980841 : LIGHTMAPPER: Scan for relevant collision objects    S:0MB   V:0MB (523,165) 
367980849 : LIGHTMAPPER:                                        S:0MB   V:0MB (523,165) 
367980858 : LIGHTMAPPER: Overlord Grid Work. 0 Objects and 1 Terrain at 29 x 23 S:0MB   V:0MB (523,165) 
367980866 : LIGHTMAPPER: Consolidate static objects             S:0MB   V:0MB (523,165) 
367980874 : LIGHTMAPPER: Completed Consolidation with 0 new objects S:0MB   V:0MB (523,165) 
367980882 : LIGHTMAPPER: Group 1 at entity index 0              S:0MB   V:0MB (523,165) 
367980890 : LIGHTMAPPER: Prepare Terrain For Pre-Baking (1 segments) S:0MB   V:0MB (523,165) 
367980898 : LIGHTMAPPER: Scan for relevant collision objects    S:0MB   V:0MB (523,165) 
367980906 : LIGHTMAPPER: Create 6 Collision Objects             S:0MB   V:0MB (523,165) 
367980936 : LIGHTMAPPER: Calculate Lightmaps                    S:2MB   V:0MB (526,165) 
367983893 : LIGHTMAPPER: Finalise And Save Lightmap Textures    S:17MB  V:1MB (543,166) 
367984320 : LIGHTMAPPER: Lightmap bake completed                S:-14MB V:2MB (529,168) 
367984329 : LIGHTMAPPER: Reset Lightmapper                      S:0MB   V:0MB (529,168) 
367984340 : LIGHTMAPPER: Group 2 at entity index 1              S:-4MB  V:0MB (525,168) 
367984348 : LIGHTMAPPER: Prepare Objects For Pre-Baking (1 to 142) S:0MB   V:0MB (525,168) 
367984356 : LIGHTMAPPER: Working on all 0 objects               S:0MB   V:0MB (525,168) 
367984366 : LIGHTMAPPER: Scan for relevant collision objects    S:0MB   V:0MB (525,168) 
367984374 : LIGHTMAPPER:                                        S:0MB   V:0MB (525,168) 
367984384 : LIGHTMAPPER: Overlord Grid Work. 3 Objects and 0 Terrain at 23 x 24 S:0MB   V:0MB (525,168) 
367984398 : LIGHTMAPPER: Consolidate static objects             S:0MB   V:0MB (525,168) 
367984407 : LIGHTMAPPER: Completed Consolidation with 3 new objects S:0MB   V:0MB (525,168) 
367984416 : LIGHTMAPPER: Group 1 at entity index 0              S:0MB   V:0MB (525,168) 
367984424 : LIGHTMAPPER: Prepare Terrain For Pre-Baking (0 segments) S:0MB   V:0MB (525,168) 
367984433 : LIGHTMAPPER: Scan for relevant collision objects    S:0MB   V:0MB (525,168) 
367984441 : LIGHTMAPPER: Create 0 Collision Objects             S:0MB   V:0MB (525,168) 
367984449 : LIGHTMAPPER: Calculate Lightmaps                    S:0MB   V:0MB (525,168) 
367984513 : LIGHTMAPPER: Finalise And Save Lightmap Textures    S:12MB  V:0MB (538,168) 
367984552 : LIGHTMAPPER: Lightmap bake completed                S:0MB   V:0MB (538,168) 
367984561 : LIGHTMAPPER: Reset Lightmapper                      S:0MB   V:0MB (538,168) 
367984570 : LIGHTMAPPER: Group 2 at entity index 1              S:-12MB V:0MB (525,168) 
367984579 : LIGHTMAPPER: Prepare Objects For Pre-Baking (1 to 142) S:0MB   V:0MB (525,168) 
367984587 : LIGHTMAPPER: Working on all 3 objects               S:0MB   V:0MB (525,168) 
367984595 : LIGHTMAPPER: Scan for relevant collision objects    S:0MB   V:0MB (525,168) 
367984603 : LIGHTMAPPER: Create 12 Collision Objects            S:0MB   V:0MB (525,168) 
367984615 : LIGHTMAPPER: Create Terrain Ray Collision Data      S:0MB   V:0MB (525,168) 
367984634 : LIGHTMAPPER: Add Objects To Be Lightmapped          S:0MB   V:0MB (526,168) 
367984645 : LIGHTMAPPER: Calculate Lightmaps                    S:0MB   V:0MB (527,168) 
367992126 : LIGHTMAPPER: Finalise And Save Lightmap Textures    S:4MB   V:0MB (531,168) 
367992318 : LIGHTMAPPER: Lightmap bake completed                S:-2MB  V:0MB (529,168) 
367992326 : LIGHTMAPPER: Reset Lightmapper                      S:0MB   V:0MB (529,168) 
367992338 : LIGHTMAPPER:                                        S:-3MB  V:0MB (525,168) 
367992347 : LIGHTMAPPER: Overlord Grid Work. 15 Objects and 0 Terrain at 24 x 24 S:0MB   V:0MB (525,168) 
367992367 : LIGHTMAPPER: Consolidate static objects             S:0MB   V:0MB (525,168) 
367992378 : LIGHTMAPPER: Completed Consolidation with 15 new objects S:0MB   V:0MB (525,168) 
367992387 : LIGHTMAPPER: Group 1 at entity index 0              S:0MB   V:0MB (525,168) 
367992395 : LIGHTMAPPER: Prepare Terrain For Pre-Baking (0 segments) S:0MB   V:0MB (525,168) 
367992404 : LIGHTMAPPER: Scan for relevant collision objects    S:0MB   V:0MB (525,168) 
367992413 : LIGHTMAPPER: Create 0 Collision Objects             S:0MB   V:0MB (525,168) 
367992421 : LIGHTMAPPER: Calculate Lightmaps                    S:0MB   V:0MB (525,168) 
367992486 : LIGHTMAPPER: Finalise And Save Lightmap Textures    S:12MB  V:0MB (538,168) 
367992531 : LIGHTMAPPER: Lightmap bake completed                S:0MB   V:1MB (537,169) 
367992540 : LIGHTMAPPER: Reset Lightmapper                      S:0MB   V:0MB (537,169) 
367992550 : LIGHTMAPPER: Group 2 at entity index 1              S:-12MB V:0MB (525,169) 
367992561 : LIGHTMAPPER: Prepare Objects For Pre-Baking (1 to 142) S:0MB   V:0MB (525,169) 
367992570 : LIGHTMAPPER: Working on all 15 objects              S:0MB   V:0MB (525,169) 
367992580 : LIGHTMAPPER: Scan for relevant collision objects    S:0MB   V:0MB (525,169) 
367992588 : LIGHTMAPPER: Create 41 Collision Objects            S:0MB   V:0MB (525,169) 
367992703 : LIGHTMAPPER: Create Terrain Ray Collision Data      S:4MB   V:0MB (529,169) 
367992732 : LIGHTMAPPER: Add Objects To Be Lightmapped          S:0MB   V:0MB (530,169) 
367992745 : LIGHTMAPPER: Calculate Lightmaps                    S:0MB   V:0MB (531,169) 
367996793 : LIGHTMAPPER: Finalise And Save Lightmap Textures    S:16MB  V:0MB (547,169) 
367997311 : LIGHTMAPPER: Lightmap bake completed                S:-13MB V:1MB (534,170) 
367997320 : LIGHTMAPPER: Reset Lightmapper                      S:0MB   V:0MB (534,170) 
367997334 : LIGHTMAPPER:                                        S:-8MB  V:0MB (526,170) 
367997343 : LIGHTMAPPER: Overlord Grid Work. 6 Objects and 0 Terrain at 25 x 24 S:0MB   V:0MB (526,170) 
367997365 : LIGHTMAPPER: Consolidate static objects             S:0MB   V:0MB (527,170) 
367997376 : LIGHTMAPPER: Completed Consolidation with 6 new objects S:0MB   V:0MB (527,170) 
367997384 : LIGHTMAPPER: Group 1 at entity index 0              S:0MB   V:0MB (527,170) 
367997393 : LIGHTMAPPER: Prepare Terrain For Pre-Baking (0 segments) S:0MB   V:0MB (527,170) 
367997401 : LIGHTMAPPER: Scan for relevant collision objects    S:0MB   V:0MB (527,170) 
367997410 : LIGHTMAPPER: Create 0 Collision Objects             S:0MB   V:0MB (527,170) 
367997418 : LIGHTMAPPER: Calculate Lightmaps                    S:0MB   V:0MB (527,170) 
367997484 : LIGHTMAPPER: Finalise And Save Lightmap Textures    S:12MB  V:0MB (539,170) 
367997528 : LIGHTMAPPER: Lightmap bake completed                S:0MB   V:1MB (539,171) 
367997536 : LIGHTMAPPER: Reset Lightmapper                      S:0MB   V:0MB (539,171) 
367997547 : LIGHTMAPPER: Group 2 at entity index 1              S:-12MB V:0MB (527,171) 
367997558 : LIGHTMAPPER: Prepare Objects For Pre-Baking (1 to 142) S:0MB   V:0MB (527,171) 
367997567 : LIGHTMAPPER: Working on all 6 objects               S:0MB   V:0MB (527,171) 
367997576 : LIGHTMAPPER: Scan for relevant collision objects    S:0MB   V:0MB (527,171) 
367997584 : LIGHTMAPPER: Create 33 Collision Objects            S:0MB   V:0MB (527,171) 
367997620 : LIGHTMAPPER: Create Terrain Ray Collision Data      S:3MB   V:0MB (530,171) 
367997651 : LIGHTMAPPER: Add Objects To Be Lightmapped          S:1MB   V:0MB (531,171) 
367997669 : LIGHTMAPPER: Calculate Lightmaps                    S:2MB   V:0MB (534,171) 
368013775 : LIGHTMAPPER: Finalise And Save Lightmap Textures    S:13MB  V:0MB (547,171) 
368014635 : LIGHTMAPPER: Lightmap bake completed                S:-7MB  V:1MB (540,172) 
368014644 : LIGHTMAPPER: Reset Lightmapper                      S:0MB   V:0MB (540,172) 
368014660 : LIGHTMAPPER:                                        S:-11MB V:0MB (528,172) 
368014671 : LIGHTMAPPER: Overlord Grid Work. 10 Objects and 0 Terrain at 23 x 25 S:0MB   V:0MB (528,172) 
368014696 : LIGHTMAPPER: Consolidate static objects             S:8MB   V:0MB (537,172) 
368014707 : LIGHTMAPPER: Completed Consolidation with 10 new objects S:0MB   V:0MB (537,172) 
368014716 : LIGHTMAPPER: Group 1 at entity index 0              S:0MB   V:0MB (537,172) 
368014725 : LIGHTMAPPER: Prepare Terrain For Pre-Baking (0 segments) S:0MB   V:0MB (537,172) 
368014733 : LIGHTMAPPER: Scan for relevant collision objects    S:0MB   V:0MB (537,172) 
368014742 : LIGHTMAPPER: Create 0 Collision Objects             S:0MB   V:0MB (537,172) 
368014751 : LIGHTMAPPER: Calculate Lightmaps                    S:0MB   V:0MB (537,172) 
368014820 : LIGHTMAPPER: Finalise And Save Lightmap Textures    S:12MB  V:0MB (549,172) 
368014864 : LIGHTMAPPER: Lightmap bake completed                S:0MB   V:3MB (549,175) 
368014873 : LIGHTMAPPER: Reset Lightmapper                      S:0MB   V:0MB (550,175) 
368014883 : LIGHTMAPPER: Group 2 at entity index 1              S:-12MB V:0MB (537,175) 
368014892 : LIGHTMAPPER: Prepare Objects For Pre-Baking (1 to 142) S:0MB   V:0MB (537,175) 
368014901 : LIGHTMAPPER: Working on all 10 objects              S:0MB   V:0MB (537,175) 
368014910 : LIGHTMAPPER: Scan for relevant collision objects    S:0MB   V:0MB (537,175) 
368014918 : LIGHTMAPPER: Create 37 Collision Objects            S:0MB   V:0MB (537,175) 
368014945 : LIGHTMAPPER: Create Terrain Ray Collision Data      S:3MB   V:0MB (540,175) 
368014985 : LIGHTMAPPER: Add Objects To Be Lightmapped          S:2MB   V:0MB (542,175) 
368015002 : LIGHTMAPPER: Calculate Lightmaps                    S:1MB   V:0MB (544,175) 
368029646 : LIGHTMAPPER: Finalise And Save Lightmap Textures    S:16MB  V:0MB (560,175) 
368030843 : LIGHTMAPPER: Lightmap bake completed                S:-10MB V:1MB (550,176) 
368030852 : LIGHTMAPPER: Reset Lightmapper                      S:0MB   V:0MB (550,176) 
368030869 : LIGHTMAPPER:                                        S:-11MB V:0MB (539,176) 
368030879 : LIGHTMAPPER: Overlord Grid Work. 27 Objects and 0 Terrain at 24 x 25 S:0MB   V:0MB (539,176) 
368030946 : LIGHTMAPPER: Consolidate static objects             S:1MB   V:0MB (540,176) 
368030967 : LIGHTMAPPER: Completed Consolidation with 21 new objects S:0MB   V:0MB (541,176) 
368030993 : LIGHTMAPPER: Group 1 at entity index 0              S:0MB   V:0MB (541,176) 
368031009 : LIGHTMAPPER: Prepare Terrain For Pre-Baking (0 segments) S:0MB   V:0MB (541,176) 
368031029 : LIGHTMAPPER: Scan for relevant collision objects    S:0MB   V:0MB (541,176) 
368031041 : LIGHTMAPPER: Create 0 Collision Objects             S:0MB   V:0MB (541,176) 
368031054 : LIGHTMAPPER: Calculate Lightmaps                    S:0MB   V:0MB (541,176) 
368031137 : LIGHTMAPPER: Finalise And Save Lightmap Textures    S:20MB  V:3MB (561,181) 
368031184 : LIGHTMAPPER: Lightmap bake completed                S:0MB   V:2MB (561,181) 
368031197 : LIGHTMAPPER: Reset Lightmapper                      S:0MB   V:0MB (561,181) 
368031213 : LIGHTMAPPER: Group 2 at entity index 1              S:-12MB V:0MB (549,181) 
368031226 : LIGHTMAPPER: Prepare Objects For Pre-Baking (1 to 142) S:0MB   V:0MB (549,181) 
368031240 : LIGHTMAPPER: Working on all 27 objects              S:0MB   V:0MB (549,181) 
368031268 : LIGHTMAPPER: Scan for relevant collision objects    S:0MB   V:0MB (549,181) 
368031285 : LIGHTMAPPER: Create 71 Collision Objects            S:0MB   V:0MB (549,181) 
368031393 : LIGHTMAPPER: Create Terrain Ray Collision Data      S:8MB   V:0MB (558,181) 
368031556 : LIGHTMAPPER: Add Objects To Be Lightmapped          S:4MB   V:0MB (562,181) 
368031587 : LIGHTMAPPER: Calculate Lightmaps                    S:6MB   V:0MB (569,181) 
368062478 : LIGHTMAPPER: Finalise And Save Lightmap Textures    S:26MB  V:0MB (595,181) 
368063708 : LIGHTMAPPER: Lightmap bake completed                S:-15MB V:2MB (579,183) 
368063717 : LIGHTMAPPER: Reset Lightmapper                      S:0MB   V:0MB (580,183) 
368063744 : LIGHTMAPPER:                                        S:-27MB V:0MB (552,183) 
368063753 : LIGHTMAPPER: Overlord Grid Work. 6 Objects and 0 Terrain at 25 x 25 S:0MB   V:0MB (552,183) 
368063780 : LIGHTMAPPER: Consolidate static objects             S:0MB   V:0MB (553,183) 
368063790 : LIGHTMAPPER: Completed Consolidation with 6 new objects S:0MB   V:0MB (553,183) 
368063799 : LIGHTMAPPER: Group 1 at entity index 0              S:0MB   V:0MB (553,183) 
368063809 : LIGHTMAPPER: Prepare Terrain For Pre-Baking (0 segments) S:0MB   V:0MB (553,183) 
368063818 : LIGHTMAPPER: Scan for relevant collision objects    S:0MB   V:0MB (553,183) 
368063828 : LIGHTMAPPER: Create 0 Collision Objects             S:0MB   V:0MB (553,183) 
368063837 : LIGHTMAPPER: Calculate Lightmaps                    S:0MB   V:0MB (553,183) 
368063910 : LIGHTMAPPER: Finalise And Save Lightmap Textures    S:20MB  V:0MB (573,186) 
368063950 : LIGHTMAPPER: Lightmap bake completed                S:0MB   V:5MB (573,188) 
368063959 : LIGHTMAPPER: Reset Lightmapper                      S:0MB   V:0MB (573,188) 
368063970 : LIGHTMAPPER: Group 2 at entity index 1              S:-12MB V:0MB (561,188) 
368063979 : LIGHTMAPPER: Prepare Objects For Pre-Baking (1 to 142) S:0MB   V:0MB (561,188) 
368063988 : LIGHTMAPPER: Working on all 6 objects               S:0MB   V:0MB (561,188) 
368063998 : LIGHTMAPPER: Scan for relevant collision objects    S:0MB   V:0MB (561,188) 
368064007 : LIGHTMAPPER: Create 63 Collision Objects            S:0MB   V:0MB (561,188) 
368064052 : LIGHTMAPPER: Create Terrain Ray Collision Data      S:7MB   V:0MB (568,188) 
368064123 : LIGHTMAPPER: Add Objects To Be Lightmapped          S:3MB   V:0MB (572,188) 
368064140 : LIGHTMAPPER: Calculate Lightmaps                    S:1MB   V:0MB (574,188) 
