271777236 : Flag to produce log files set in SETUP.INI (producelogfiles=1) S:10MB  V:4MB (217,4)   
271777239 : postprocessing flag at 0 and pixel shader version of 0 S:0MB   V:0MB (217,4)   
271777241 : The executable folder will be:C:\Users\User\Documents\Game Guru Files\My Games\game\MyGames\ S:0MB   V:0MB (217,4)   
271777243 : Entering 'Files' folder, now at:C:\Users\User\Documents\Game Guru Files\My Games\game\Files S:0MB   V:0MB (217,4)   
271777244 : Name of true app:Guru-Game                          S:0MB   V:0MB (217,4)   
271777251 : set legacy convert mode                             S:0MB   V:0MB (217,4)   
271782669 : _obs_memorychunkinit                                S:0MB   V:0MB (217,4)   
271782689 : _game_hidemouse                                     S:18MB  V:0MB (235,4)   
271782696 : set resolution for game                             S:0MB   V:0MB (235,4)   
271782704 : set display mode                                    S:0MB   V:0MB (235,4)   
271782743 : set camera aspect                                   S:4MB   V:-4MB (239,0)  
271782751 : Special VR-Mode Flag:0                              S:0MB   V:0MB (239,0)   
271782758 : Just about to read languagebank\english\textfiles\guru-wordcount.ini S:0MB   V:0MB (239,0)   
271782766 : Language File Path:C:\Users\User\Documents\Game Guru Files\My Games\game\Files\languagebank\english\textfiles (exist=1) S:0MB   V:0MB (239,0)   
271782823 : _steam_init:                                        S:0MB   V:0MB (239,0)   
271782901 : _material_init (0)                                  S:2MB   V:0MB (242,0)   
271783019 : _material_loadsounds (18)                           S:0MB   V:0MB (242,0)   
271784631 : trueappname$=Guru-Game                              S:12MB  V:0MB (255,0)   
271784690 : main game executable                                S:0MB   V:0MB (255,0)   
271785289 : initbitmapfont                                      S:0MB   V:8MB (255,8)   
271785435 : _common_vectorsinit                                 S:6MB   V:0MB (261,8)   
271785444 : _sky_init                                           S:0MB   V:2MB (261,10)  
271785454 : _terrain_initstyles                                 S:0MB   V:4MB (261,14)  
271785475 : _visuals_init (game)                                S:16MB  V:36MB (277,50) 
271785483 : visuals.sky$=clear                                  S:0MB   V:0MB (277,50)  
271785491 : visuals.terrain$=lush                               S:0MB   V:0MB (277,50)  
271785498 : visuals.vegetation$=lushy                           S:0MB   V:0MB (277,50)  
271785514 : _decal_init                                         S:0MB   V:0MB (277,50)  
271785575 : _lm_init                                            S:3MB   V:0MB (281,50)  
271785885 : _gun_scaninall_ref                                  S:2MB   V:0MB (283,50)  
271785894 : gun 1:modern\magnum357\gunspec.txt                  S:0MB   V:0MB (283,50)  
271785903 : total guns=1                                        S:0MB   V:0MB (283,50)  
271785923 : _terrain_skyspec_init                               S:0MB   V:0MB (283,50)  
271787203 : Loading skyscroll$:skybank\clear\clear_CLOUDS.dds   S:17MB  V:0MB (301,50)  
271787386 : _terrain_setupedit                                  S:4MB   V:19MB (306,69) 
271793064 : _terrain_load                                       S:338MB V:209MB (644,278)
271793352 : Main Game Executable Loop Starts                    S:3MB   V:0MB (648,278) 
271793360 : _game_oneoff_nongraphics                            S:0MB   V:0MB (648,278) 
271793368 : _material_loadsounds (18)                           S:0MB   V:0MB (648,278) 
271796068 : _game_setresolution                                 S:2MB   V:0MB (651,278) 
271796077 : _titles_init                                        S:0MB   V:0MB (651,278) 
271798964 : _titles_titlepage                                   S:1MB   V:0MB (652,278) 
271801786 : _titles_loadingpageupdate                           S:-22MB V:0MB (629,278) 
271801813 : _mapfile_loadproject_fpm: mapbank\game.fpm C:\Users\User\Documents\Game Guru Files\My Games\game\Files S:0MB   V:0MB (629,278) 
271802131 : _game_loadinentitiesdatainlevel                     S:0MB   V:0MB (629,278) 
271802145 : Load player config                                  S:0MB   V:0MB (629,278) 
271802159 : LOADING ENTITIES DATA                               S:0MB   V:0MB (629,278) 
271802673 : Loaded 1:\Weapons\Magnum 357.fpe                    S:2MB   V:0MB (632,278) 
271802702 : Loaded 2:_markers\player start.fpe                  S:2MB   V:0MB (634,278) 
271802982 : Loaded 3:\Buildings\Iron Shed.fpe                   S:8MB   V:0MB (643,278) 
271803163 : Loaded 4:\Scenery\Dumpster (Open).fpe               S:3MB   V:0MB (646,278) 
271803781 : Loaded 5:\Scenery\long_woodwall_1.fpe               S:6MB   V:0MB (652,278) 
271803841 : Loaded 6:\Scenery\Trashbag Single (Black).fpe       S:1MB   V:0MB (653,278) 
271803865 : Loaded 7:\Scenery\Trashbag Pile (Black).fpe         S:0MB   V:0MB (653,278) 
271803942 : Loaded 8:\Scenery\Garbage.fpe                       S:0MB   V:0MB (653,278) 
271804029 : Loaded 9:\Scenery\Tire (Blackwall).fpe              S:3MB   V:0MB (656,278) 
271804121 : Loaded 10:\Scenery\Propane Tank.fpe                 S:1MB   V:0MB (657,278) 
271804240 : Loaded 11:\Scenery\Wire Holder.fpe                  S:1MB   V:0MB (659,278) 
271804336 : Loaded 12:\Foliage\Dead Tree (Bare).fpe             S:1MB   V:0MB (660,278) 
271804374 : _game_loadinleveldata                               S:0MB   V:0MB (660,278) 
271804392 : LOADING WAYPOINTS DATA                              S:0MB   V:20MB (660,298)
271804408 : LOADING TERRAIN DATA                                S:0MB   V:0MB (660,298) 
271805513 : CREATE ENTITY OBJECTS                               S:10MB  V:0MB (671,298) 
271805529 : GAME OBJECT CLEANUP                                 S:0MB   V:0MB (671,298) 
271805538 : _game_preparelevel:                                 S:0MB   V:0MB (671,298) 
271806945 : LOADING HUD GRAPHICS                                S:22MB  V:0MB (694,298) 
271806959 : LOADING SKY                                         S:0MB   V:0MB (694,298) 
271807006 : Loading skyscroll$:skybank\clear\clear_CLOUDS.dds   S:0MB   V:0MB (694,298) 
271807185 : UPDATED TERRAIN                                     S:0MB   V:0MB (694,298) 
271807254 : LOADING NEW WEAPONS                                 S:6MB   V:2MB (700,300) 
271807506 : Load Gun:gamecore\guns\modern\magnum357\HUD.x Obj:16101 S:2MB   V:0MB (702,300) 
271808075 : LOADING HUD LAYERS                                  S:15MB  V:39MB (718,339)
271808088 : PREPARING VEGETATION                                S:0MB   V:0MB (718,339) 
271809259 : LOADING WATER SYSTEM                                S:29MB  V:3MB (747,343) 
271809431 : LOADING A.I SYSTEM                                  S:0MB   V:10MB (748,352)
271809462 : PREPARING A.I SYSTEM                                S:0MB   V:5MB (748,357) 
271809584 : darkai_obstacles_terrain                            S:0MB   V:0MB (747,357) 
271809631 : darkai_paths                                        S:0MB   V:0MB (747,357) 
271809646 : RESETTING WAYPOINTS A.I                             S:0MB   V:0MB (748,357) 
271809670 : CREATING ENTITY A.I                                 S:0MB   V:0MB (748,357) 
271809679 : Configure entity instances for use                  S:0MB   V:0MB (747,357) 
271809689 : Configure entity attachments and AI obstacles       S:0MB   V:0MB (747,357) 
271809752 : CREATING CHARACTERS                                 S:-2MB  V:-3MB (745,350)
271809768 : CREATING A.I OBSTACLES                              S:-45MB V:-4MB (700,350)
271809793 : PREPARING DYNAMIC LIGHTS                            S:0MB   V:0MB (700,350) 
271809917 : GENERATING TERRAIN SUPER TEXTURE                    S:7MB   V:8MB (707,358) 
271810571 : INITIALISING POSTPROCESS                            S:4MB   V:0MB (711,358) 
271811023 : postprocessing initialised                          S:36MB  V:10MB (748,368)
271811052 : INITIALISING PHYSICS                                S:0MB   V:4MB (749,374) 
271811062 : _physics_createterraincollision                     S:4MB   V:2MB (753,374) 
271811071 : get terrian sectors                                 S:0MB   V:0MB (753,374) 
271813253 : get terrian sectors complete                        S:23MB  V:4MB (777,378) 
271813269 : Introduce all characters                            S:0MB   V:0MB (777,378) 
271813278 : Activate Occlusion System                           S:0MB   V:0MB (777,378) 
271813287 : Entity Initiations                                  S:0MB   V:0MB (777,378) 
271813296 : Fill Veg Areas                                      S:0MB   V:0MB (777,378) 
271813305 : load lightmapped objects                            S:0MB   V:0MB (777,378) 
271813313 : initialise final game variables                     S:0MB   V:0MB (777,378) 
271813490 : immediate title settings applied                    S:0MB   V:0MB (777,378) 
271813536 : main game loop begins                               S:0MB   V:0MB (777,378) 
271910298 : entering options page                               S:-20MB V:3MB (757,381) 
271922004 : leaving options page                                S:1MB   V:12MB (758,393)
271922017 : resuming game loop with flag 1                      S:0MB   V:0MB (758,393) 
271985026 : entering options page                               S:3MB   V:0MB (762,393) 
271990251 : leaving options page                                S:0MB   V:0MB (762,393) 
271990261 : resuming game loop with flag 0                      S:0MB   V:0MB (762,393) 
271990386 : _game_setresolution                                 S:-28MB V:0MB (733,393) 
271990395 : _titles_init                                        S:0MB   V:0MB (733,393) 
271996022 : _titles_titlepage                                   S:3MB   V:0MB (737,393) 
